build/app/intermediates/manifest_merge_blame_file/release/manifest-merger-blame-release-report.txt
1<?xml version="1.0" encoding="utf-8"?>
2<manifest xmlns:android="http://schemas.android.com/apk/res/android"
3    package="com.example.ashfood"
4    android:versionCode="1"
5    android:versionName="1.0.0" >
6
7    <uses-sdk
8        android:minSdkVersion="20"
8-->src/main/AndroidManifest.xml
9        android:targetSdkVersion="33" />
9-->src/main/AndroidManifest.xml
10
11    <uses-permission android:name="android.permission.ACCESS_FINE_LOCATION" />
11-->src/main/AndroidManifest.xml:3:6-79
11-->src/main/AndroidManifest.xml:3:23-77
12    <uses-permission android:name="android.permission.ACCESS_BACKGROUND_LOCATION" />
12-->src/main/AndroidManifest.xml:4:6-85
12-->src/main/AndroidManifest.xml:4:23-83
13    <uses-permission android:name="android.permission.FOREGROUND_SERVICE" />
13-->src/main/AndroidManifest.xml:5:6-78
13-->src/main/AndroidManifest.xml:5:23-75
14    <uses-permission android:name="android.permission.INTERNET" />
14-->src/main/AndroidManifest.xml:6:6-67
14-->src/main/AndroidManifest.xml:6:23-65
15    <uses-permission android:name="android.permission.WAKE_LOCK" />
15-->[:firebase_messaging] AndroidManifest.xml:10:5-68
15-->[:firebase_messaging] AndroidManifest.xml:10:22-65
16    <uses-permission android:name="android.permission.ACCESS_NETWORK_STATE" /> <!-- Permissions options for the `notification` group -->
16-->[:firebase_messaging] AndroidManifest.xml:11:5-79
16-->[:firebase_messaging] AndroidManifest.xml:11:22-76
17    <uses-permission android:name="android.permission.POST_NOTIFICATIONS" />
17-->[:firebase_messaging] AndroidManifest.xml:13:5-77
17-->[:firebase_messaging] AndroidManifest.xml:13:22-74
18    <uses-permission android:name="android.permission.RECEIVE_BOOT_COMPLETED" />
18-->[:flutter_local_notifications] AndroidManifest.xml:9:5-81
18-->[:flutter_local_notifications] AndroidManifest.xml:9:22-78
19    <uses-permission android:name="android.permission.VIBRATE" />
19-->[:flutter_local_notifications] AndroidManifest.xml:10:5-66
19-->[:flutter_local_notifications] AndroidManifest.xml:10:22-63
20    <uses-permission android:name="android.permission.USE_FULL_SCREEN_INTENT" />
20-->[:flutter_local_notifications] AndroidManifest.xml:11:5-81
20-->[:flutter_local_notifications] AndroidManifest.xml:11:22-78
21    <uses-permission android:name="android.permission.ACCESS_COARSE_LOCATION" /> <!-- Create a unique permission for your app and use it so only your app can receive your OneSignal messages. -->
21-->[:location] AndroidManifest.xml:9:5-81
21-->[:location] AndroidManifest.xml:9:22-78
22    <permission
22-->[com.onesignal:OneSignal:4.8.5] AndroidManifest.xml:7:5-9:47
23        android:name="com.example.ashfood.permission.C2D_MESSAGE"
23-->[com.onesignal:OneSignal:4.8.5] AndroidManifest.xml:8:9-63
24        android:protectionLevel="signature" />
24-->[com.onesignal:OneSignal:4.8.5] AndroidManifest.xml:9:9-44
25
26    <uses-permission android:name="com.example.ashfood.permission.C2D_MESSAGE" /> <!-- c2dm RECEIVE are basic requirements for push messages through Google's FCM -->
26-->[com.onesignal:OneSignal:4.8.5] AndroidManifest.xml:11:5-79
26-->[com.onesignal:OneSignal:4.8.5] AndroidManifest.xml:11:22-76
27    <uses-permission android:name="com.google.android.c2dm.permission.RECEIVE" /> <!-- START: ShortcutBadger -->
27-->[com.onesignal:OneSignal:4.8.5] AndroidManifest.xml:18:5-82
27-->[com.onesignal:OneSignal:4.8.5] AndroidManifest.xml:18:22-79
28    <!-- Samsung -->
29    <uses-permission android:name="com.sec.android.provider.badge.permission.READ" />
29-->[com.onesignal:OneSignal:4.8.5] AndroidManifest.xml:32:5-86
29-->[com.onesignal:OneSignal:4.8.5] AndroidManifest.xml:32:22-83
30    <uses-permission android:name="com.sec.android.provider.badge.permission.WRITE" /> <!-- HTC -->
30-->[com.onesignal:OneSignal:4.8.5] AndroidManifest.xml:33:5-87
30-->[com.onesignal:OneSignal:4.8.5] AndroidManifest.xml:33:22-84
31    <uses-permission android:name="com.htc.launcher.permission.READ_SETTINGS" />
31-->[com.onesignal:OneSignal:4.8.5] AndroidManifest.xml:34:5-81
31-->[com.onesignal:OneSignal:4.8.5] AndroidManifest.xml:34:22-78
32    <uses-permission android:name="com.htc.launcher.permission.UPDATE_SHORTCUT" /> <!-- Sony -->
32-->[com.onesignal:OneSignal:4.8.5] AndroidManifest.xml:35:5-83
32-->[com.onesignal:OneSignal:4.8.5] AndroidManifest.xml:35:22-80
33    <uses-permission android:name="com.sonyericsson.home.permission.BROADCAST_BADGE" />
33-->[com.onesignal:OneSignal:4.8.5] AndroidManifest.xml:36:5-88
33-->[com.onesignal:OneSignal:4.8.5] AndroidManifest.xml:36:22-85
34    <uses-permission android:name="com.sonymobile.home.permission.PROVIDER_INSERT_BADGE" /> <!-- Apex -->
34-->[com.onesignal:OneSignal:4.8.5] AndroidManifest.xml:37:5-92
34-->[com.onesignal:OneSignal:4.8.5] AndroidManifest.xml:37:22-89
35    <uses-permission android:name="com.anddoes.launcher.permission.UPDATE_COUNT" /> <!-- Solid -->
35-->[com.onesignal:OneSignal:4.8.5] AndroidManifest.xml:38:5-84
35-->[com.onesignal:OneSignal:4.8.5] AndroidManifest.xml:38:22-81
36    <uses-permission android:name="com.majeur.launcher.permission.UPDATE_BADGE" /> <!-- Huawei -->
36-->[com.onesignal:OneSignal:4.8.5] AndroidManifest.xml:39:5-83
36-->[com.onesignal:OneSignal:4.8.5] AndroidManifest.xml:39:22-80
37    <uses-permission android:name="com.huawei.android.launcher.permission.CHANGE_BADGE" />
37-->[com.onesignal:OneSignal:4.8.5] AndroidManifest.xml:40:5-91
37-->[com.onesignal:OneSignal:4.8.5] AndroidManifest.xml:40:22-88
38    <uses-permission android:name="com.huawei.android.launcher.permission.READ_SETTINGS" />
38-->[com.onesignal:OneSignal:4.8.5] AndroidManifest.xml:41:5-92
38-->[com.onesignal:OneSignal:4.8.5] AndroidManifest.xml:41:22-89
39    <uses-permission android:name="com.huawei.android.launcher.permission.WRITE_SETTINGS" /> <!-- ZUK -->
39-->[com.onesignal:OneSignal:4.8.5] AndroidManifest.xml:42:5-93
39-->[com.onesignal:OneSignal:4.8.5] AndroidManifest.xml:42:22-90
40    <uses-permission android:name="android.permission.READ_APP_BADGE" /> <!-- OPPO -->
40-->[com.onesignal:OneSignal:4.8.5] AndroidManifest.xml:43:5-73
40-->[com.onesignal:OneSignal:4.8.5] AndroidManifest.xml:43:22-70
41    <uses-permission android:name="com.oppo.launcher.permission.READ_SETTINGS" />
41-->[com.onesignal:OneSignal:4.8.5] AndroidManifest.xml:44:5-82
41-->[com.onesignal:OneSignal:4.8.5] AndroidManifest.xml:44:22-79
42    <uses-permission android:name="com.oppo.launcher.permission.WRITE_SETTINGS" /> <!-- EvMe -->
42-->[com.onesignal:OneSignal:4.8.5] AndroidManifest.xml:45:5-83
42-->[com.onesignal:OneSignal:4.8.5] AndroidManifest.xml:45:22-80
43    <uses-permission android:name="me.everything.badger.permission.BADGE_COUNT_READ" />
43-->[com.onesignal:OneSignal:4.8.5] AndroidManifest.xml:46:5-88
43-->[com.onesignal:OneSignal:4.8.5] AndroidManifest.xml:46:22-85
44    <uses-permission android:name="me.everything.badger.permission.BADGE_COUNT_WRITE" />
44-->[com.onesignal:OneSignal:4.8.5] AndroidManifest.xml:47:5-89
44-->[com.onesignal:OneSignal:4.8.5] AndroidManifest.xml:47:22-86
45
46    <uses-feature
46-->[com.google.android.gms:play-services-maps:18.1.0] AndroidManifest.xml:26:5-28:35
47        android:glEsVersion="0x00020000"
47-->[com.google.android.gms:play-services-maps:18.1.0] AndroidManifest.xml:27:9-41
48        android:required="true" />
48-->[com.google.android.gms:play-services-maps:18.1.0] AndroidManifest.xml:28:9-32
49
50    <queries>
50-->[com.google.android.gms:play-services-maps:18.1.0] AndroidManifest.xml:30:5-34:15
51
52        <!-- Needs to be explicitly declared on Android R+ -->
53        <package android:name="com.google.android.apps.maps" />
53-->[com.google.android.gms:play-services-maps:18.1.0] AndroidManifest.xml:33:9-64
53-->[com.google.android.gms:play-services-maps:18.1.0] AndroidManifest.xml:33:18-61
54    </queries>
55
56    <permission
56-->[androidx.core:core:1.9.0] AndroidManifest.xml:22:5-24:47
57        android:name="com.example.ashfood.DYNAMIC_RECEIVER_NOT_EXPORTED_PERMISSION"
57-->[androidx.core:core:1.9.0] AndroidManifest.xml:23:9-81
58        android:protectionLevel="signature" />
58-->[androidx.core:core:1.9.0] AndroidManifest.xml:24:9-44
59
60    <uses-permission android:name="com.example.ashfood.DYNAMIC_RECEIVER_NOT_EXPORTED_PERMISSION" />
60-->[androidx.core:core:1.9.0] AndroidManifest.xml:26:5-97
60-->[androidx.core:core:1.9.0] AndroidManifest.xml:26:22-94
61
62    <application
63        android:name="io.flutter.app.FlutterMultiDexApplication"
63-->src/main/AndroidManifest.xml:9:9-42
64        android:appComponentFactory="androidx.core.app.CoreComponentFactory"
64-->[androidx.core:core:1.9.0] AndroidManifest.xml:28:18-86
65        android:icon="@mipmap/launcher_icon"
65-->src/main/AndroidManifest.xml:10:9-45
66        android:label="Ashfood" >
66-->src/main/AndroidManifest.xml:8:9-32
67        <activity
67-->src/main/AndroidManifest.xml:11:9-31:20
68            android:name="com.example.ashfood.MainActivity"
68-->src/main/AndroidManifest.xml:12:13-41
69            android:configChanges="orientation|keyboardHidden|keyboard|screenSize|smallestScreenSize|locale|layoutDirection|fontScale|screenLayout|density|uiMode"
69-->src/main/AndroidManifest.xml:16:13-163
70            android:exported="true"
70-->src/main/AndroidManifest.xml:13:13-36
71            android:hardwareAccelerated="true"
71-->src/main/AndroidManifest.xml:17:13-47
72            android:launchMode="singleTop"
72-->src/main/AndroidManifest.xml:14:13-43
73            android:theme="@style/LaunchTheme"
73-->src/main/AndroidManifest.xml:15:13-47
74            android:windowSoftInputMode="adjustResize" >
74-->src/main/AndroidManifest.xml:18:13-55
75
76            <!--
77                 Specifies an Android theme to apply to this Activity as soon as
78                 the Android process has started. This theme is visible to the user
79                 while the Flutter UI initializes. After that, this theme continues
80                 to determine the Window background behind the Flutter UI.
81            -->
82            <meta-data
82-->src/main/AndroidManifest.xml:23:13-26:17
83                android:name="io.flutter.embedding.android.NormalTheme"
83-->src/main/AndroidManifest.xml:24:15-70
84                android:resource="@style/NormalTheme" />
84-->src/main/AndroidManifest.xml:25:15-52
85
86            <intent-filter>
86-->src/main/AndroidManifest.xml:27:13-30:29
87                <action android:name="android.intent.action.MAIN" />
87-->src/main/AndroidManifest.xml:28:17-68
87-->src/main/AndroidManifest.xml:28:25-66
88
89                <category android:name="android.intent.category.LAUNCHER" />
89-->src/main/AndroidManifest.xml:29:17-76
89-->src/main/AndroidManifest.xml:29:27-74
90            </intent-filter>
91        </activity>
92        <!--
93             Don't delete the meta-data below.
94             This is used by the Flutter tool to generate GeneratedPluginRegistrant.java
95        -->
96        <meta-data
96-->src/main/AndroidManifest.xml:34:9-36:33
97            android:name="flutterEmbedding"
97-->src/main/AndroidManifest.xml:35:13-44
98            android:value="2" />
98-->src/main/AndroidManifest.xml:36:13-30
99        <meta-data
99-->src/main/AndroidManifest.xml:37:9-39:71
100            android:name="com.google.android.geo.API_KEY"
100-->src/main/AndroidManifest.xml:38:13-58
101            android:value="AIzaSyDzYdJqertRHdlzpDm1UHt2l3vMa5_Ow7M" />
101-->src/main/AndroidManifest.xml:39:13-68
102
103        <service
103-->src/main/AndroidManifest.xml:40:9-43:43
104            android:name="com.dexterous.flutterlocalnotifications.ForegroundService"
104-->src/main/AndroidManifest.xml:41:13-85
105            android:exported="false"
105-->src/main/AndroidManifest.xml:42:13-37
106            android:stopWithTask="false" />
106-->src/main/AndroidManifest.xml:43:13-41
107
108        <receiver
108-->src/main/AndroidManifest.xml:44:9-46:20
109            android:name="com.dexterous.flutterlocalnotifications.ScheduledNotificationBootReceiver"
109-->src/main/AndroidManifest.xml:44:19-107
110            android:exported="true" >
110-->src/main/AndroidManifest.xml:45:15-38
111            <intent-filter>
111-->[:flutter_local_notifications] AndroidManifest.xml:16:13-21:29
112                <action android:name="android.intent.action.BOOT_COMPLETED" />
112-->[:flutter_local_notifications] AndroidManifest.xml:17:17-79
112-->[:flutter_local_notifications] AndroidManifest.xml:17:25-76
113                <action android:name="android.intent.action.MY_PACKAGE_REPLACED" />
113-->[:flutter_local_notifications] AndroidManifest.xml:18:17-84
113-->[:flutter_local_notifications] AndroidManifest.xml:18:25-81
114                <action android:name="android.intent.action.QUICKBOOT_POWERON" />
114-->[:flutter_local_notifications] AndroidManifest.xml:19:17-82
114-->[:flutter_local_notifications] AndroidManifest.xml:19:25-79
115                <action android:name="com.htc.intent.action.QUICKBOOT_POWERON" />
115-->[:flutter_local_notifications] AndroidManifest.xml:20:17-82
115-->[:flutter_local_notifications] AndroidManifest.xml:20:25-79
116            </intent-filter>
117        </receiver>
118
119        <service
119-->[:cloud_firestore] AndroidManifest.xml:10:9-14:19
120            android:name="com.google.firebase.components.ComponentDiscoveryService"
120-->[:cloud_firestore] AndroidManifest.xml:10:18-89
121            android:directBootAware="true"
121-->[com.google.firebase:firebase-common:20.3.2] AndroidManifest.xml:34:13-43
122            android:exported="false" >
122-->[com.google.firebase:firebase-auth:21.3.0] AndroidManifest.xml:68:13-37
123            <meta-data
123-->[:cloud_firestore] AndroidManifest.xml:11:13-13:85
124                android:name="com.google.firebase.components:io.flutter.plugins.firebase.firestore.FlutterFirebaseFirestoreRegistrar"
124-->[:cloud_firestore] AndroidManifest.xml:12:17-134
125                android:value="com.google.firebase.components.ComponentRegistrar" />
125-->[:cloud_firestore] AndroidManifest.xml:13:17-82
126            <meta-data
126-->[:firebase_auth] AndroidManifest.xml:11:13-13:85
127                android:name="com.google.firebase.components:io.flutter.plugins.firebase.auth.FlutterFirebaseAuthRegistrar"
127-->[:firebase_auth] AndroidManifest.xml:12:17-124
128                android:value="com.google.firebase.components.ComponentRegistrar" />
128-->[:firebase_auth] AndroidManifest.xml:13:17-82
129            <meta-data
129-->[:firebase_storage] AndroidManifest.xml:11:13-13:85
130                android:name="com.google.firebase.components:io.flutter.plugins.firebase.storage.FlutterFirebaseAppRegistrar"
130-->[:firebase_storage] AndroidManifest.xml:12:17-126
131                android:value="com.google.firebase.components.ComponentRegistrar" />
131-->[:firebase_storage] AndroidManifest.xml:13:17-82
132            <meta-data
132-->[:firebase_messaging] AndroidManifest.xml:38:13-40:85
133                android:name="com.google.firebase.components:io.flutter.plugins.firebase.messaging.FlutterFirebaseAppRegistrar"
133-->[:firebase_messaging] AndroidManifest.xml:39:17-128
134                android:value="com.google.firebase.components.ComponentRegistrar" />
134-->[:firebase_messaging] AndroidManifest.xml:40:17-82
135            <meta-data
135-->[:firebase_core] AndroidManifest.xml:11:13-13:85
136                android:name="com.google.firebase.components:io.flutter.plugins.firebase.core.FlutterFirebaseCoreRegistrar"
136-->[:firebase_core] AndroidManifest.xml:12:17-124
137                android:value="com.google.firebase.components.ComponentRegistrar" />
137-->[:firebase_core] AndroidManifest.xml:13:17-82
138            <meta-data
138-->[com.google.firebase:firebase-auth:21.3.0] AndroidManifest.xml:69:13-71:85
139                android:name="com.google.firebase.components:com.google.firebase.auth.FirebaseAuthRegistrar"
139-->[com.google.firebase:firebase-auth:21.3.0] AndroidManifest.xml:70:17-109
140                android:value="com.google.firebase.components.ComponentRegistrar" />
140-->[com.google.firebase:firebase-auth:21.3.0] AndroidManifest.xml:71:17-82
141            <meta-data
141-->[com.google.firebase:firebase-firestore:24.5.0] AndroidManifest.xml:19:13-21:85
142                android:name="com.google.firebase.components:com.google.firebase.firestore.FirestoreRegistrar"
142-->[com.google.firebase:firebase-firestore:24.5.0] AndroidManifest.xml:20:17-111
143                android:value="com.google.firebase.components.ComponentRegistrar" />
143-->[com.google.firebase:firebase-firestore:24.5.0] AndroidManifest.xml:21:17-82
144            <meta-data
144-->[com.google.firebase:firebase-messaging:23.1.2] AndroidManifest.xml:55:13-57:85
145                android:name="com.google.firebase.components:com.google.firebase.messaging.FirebaseMessagingRegistrar"
145-->[com.google.firebase:firebase-messaging:23.1.2] AndroidManifest.xml:56:17-119
146                android:value="com.google.firebase.components.ComponentRegistrar" />
146-->[com.google.firebase:firebase-messaging:23.1.2] AndroidManifest.xml:57:17-82
147            <meta-data
147-->[com.google.firebase:firebase-storage:20.1.0] AndroidManifest.xml:32:13-34:85
148                android:name="com.google.firebase.components:com.google.firebase.storage.StorageRegistrar"
148-->[com.google.firebase:firebase-storage:20.1.0] AndroidManifest.xml:33:17-107
149                android:value="com.google.firebase.components.ComponentRegistrar" />
149-->[com.google.firebase:firebase-storage:20.1.0] AndroidManifest.xml:34:17-82
150            <meta-data
150-->[com.google.firebase:firebase-iid:21.1.0] AndroidManifest.xml:32:13-34:85
151                android:name="com.google.firebase.components:com.google.firebase.iid.Registrar"
151-->[com.google.firebase:firebase-iid:21.1.0] AndroidManifest.xml:33:17-96
152                android:value="com.google.firebase.components.ComponentRegistrar" />
152-->[com.google.firebase:firebase-iid:21.1.0] AndroidManifest.xml:34:17-82
153            <meta-data
153-->[com.google.firebase:firebase-installations:17.1.3] AndroidManifest.xml:17:13-19:85
154                android:name="com.google.firebase.components:com.google.firebase.installations.FirebaseInstallationsRegistrar"
154-->[com.google.firebase:firebase-installations:17.1.3] AndroidManifest.xml:18:17-127
155                android:value="com.google.firebase.components.ComponentRegistrar" />
155-->[com.google.firebase:firebase-installations:17.1.3] AndroidManifest.xml:19:17-82
156            <meta-data
156-->[com.google.firebase:firebase-datatransport:18.1.7] AndroidManifest.xml:27:13-29:85
157                android:name="com.google.firebase.components:com.google.firebase.datatransport.TransportRegistrar"
157-->[com.google.firebase:firebase-datatransport:18.1.7] AndroidManifest.xml:28:17-115
158                android:value="com.google.firebase.components.ComponentRegistrar" />
158-->[com.google.firebase:firebase-datatransport:18.1.7] AndroidManifest.xml:29:17-82
159        </service>
160        <service
160-->[:firebase_messaging] AndroidManifest.xml:16:9-19:72
161            android:name="io.flutter.plugins.firebase.messaging.FlutterFirebaseMessagingBackgroundService"
161-->[:firebase_messaging] AndroidManifest.xml:17:13-107
162            android:exported="false"
162-->[:firebase_messaging] AndroidManifest.xml:18:13-37
163            android:permission="android.permission.BIND_JOB_SERVICE" />
163-->[:firebase_messaging] AndroidManifest.xml:19:13-69
164        <service
164-->[:firebase_messaging] AndroidManifest.xml:20:9-26:19
165            android:name="io.flutter.plugins.firebase.messaging.FlutterFirebaseMessagingService"
165-->[:firebase_messaging] AndroidManifest.xml:21:13-97
166            android:exported="false" >
166-->[:firebase_messaging] AndroidManifest.xml:22:13-37
167            <intent-filter>
167-->[:firebase_messaging] AndroidManifest.xml:23:13-25:29
168                <action android:name="com.google.firebase.MESSAGING_EVENT" />
168-->[:firebase_messaging] AndroidManifest.xml:24:17-78
168-->[:firebase_messaging] AndroidManifest.xml:24:25-75
169            </intent-filter>
170        </service>
171
172        <receiver
172-->[:firebase_messaging] AndroidManifest.xml:28:9-35:20
173            android:name="io.flutter.plugins.firebase.messaging.FlutterFirebaseMessagingReceiver"
173-->[:firebase_messaging] AndroidManifest.xml:29:13-98
174            android:exported="true"
174-->[:firebase_messaging] AndroidManifest.xml:30:13-36
175            android:permission="com.google.android.c2dm.permission.SEND" >
175-->[:firebase_messaging] AndroidManifest.xml:31:13-73
176            <intent-filter>
176-->[:firebase_messaging] AndroidManifest.xml:32:13-34:29
177                <action android:name="com.google.android.c2dm.intent.RECEIVE" />
177-->[:firebase_messaging] AndroidManifest.xml:33:17-81
177-->[:firebase_messaging] AndroidManifest.xml:33:25-78
178            </intent-filter>
179        </receiver>
180
181        <provider
181-->[:firebase_messaging] AndroidManifest.xml:43:9-47:38
182            android:name="io.flutter.plugins.firebase.messaging.FlutterFirebaseMessagingInitProvider"
182-->[:firebase_messaging] AndroidManifest.xml:44:13-102
183            android:authorities="com.example.ashfood.flutterfirebasemessaginginitprovider"
183-->[:firebase_messaging] AndroidManifest.xml:45:13-88
184            android:exported="false"
184-->[:firebase_messaging] AndroidManifest.xml:46:13-37
185            android:initOrder="99" />
185-->[:firebase_messaging] AndroidManifest.xml:47:13-35
186
187        <service
187-->[:geolocator_android] AndroidManifest.xml:12:9-16:56
188            android:name="com.baseflow.geolocator.GeolocatorLocationService"
188-->[:geolocator_android] AndroidManifest.xml:13:13-77
189            android:enabled="true"
189-->[:geolocator_android] AndroidManifest.xml:14:13-35
190            android:exported="false"
190-->[:geolocator_android] AndroidManifest.xml:15:13-37
191            android:foregroundServiceType="location" />
191-->[:geolocator_android] AndroidManifest.xml:16:13-53
192
193        <provider
193-->[:image_picker_android] AndroidManifest.xml:10:9-18:20
194            android:name="io.flutter.plugins.imagepicker.ImagePickerFileProvider"
194-->[:image_picker_android] AndroidManifest.xml:11:13-82
195            android:authorities="com.example.ashfood.flutter.image_provider"
195-->[:image_picker_android] AndroidManifest.xml:12:13-74
196            android:exported="false"
196-->[:image_picker_android] AndroidManifest.xml:13:13-37
197            android:grantUriPermissions="true" >
197-->[:image_picker_android] AndroidManifest.xml:14:13-47
198            <meta-data
198-->[:image_picker_android] AndroidManifest.xml:15:13-17:75
199                android:name="android.support.FILE_PROVIDER_PATHS"
199-->[:image_picker_android] AndroidManifest.xml:16:17-67
200                android:resource="@xml/flutter_image_picker_file_paths" />
200-->[:image_picker_android] AndroidManifest.xml:17:17-72
201        </provider>
202
203        <receiver android:name="com.dexterous.flutterlocalnotifications.ScheduledNotificationReceiver" />
203-->[:flutter_local_notifications] AndroidManifest.xml:14:9-106
203-->[:flutter_local_notifications] AndroidManifest.xml:14:19-103
204
205        <service
205-->[:location] AndroidManifest.xml:13:9-17:56
206            android:name="com.lyokone.location.FlutterLocationService"
206-->[:location] AndroidManifest.xml:14:13-71
207            android:enabled="true"
207-->[:location] AndroidManifest.xml:15:13-35
208            android:exported="false"
208-->[:location] AndroidManifest.xml:16:13-37
209            android:foregroundServiceType="location" />
209-->[:location] AndroidManifest.xml:17:13-53
210
211        <receiver
211-->[com.onesignal:OneSignal:4.8.5] AndroidManifest.xml:50:9-61:20
212            android:name="com.onesignal.FCMBroadcastReceiver"
212-->[com.onesignal:OneSignal:4.8.5] AndroidManifest.xml:51:13-62
213            android:exported="true"
213-->[com.onesignal:OneSignal:4.8.5] AndroidManifest.xml:52:13-36
214            android:permission="com.google.android.c2dm.permission.SEND" >
214-->[com.onesignal:OneSignal:4.8.5] AndroidManifest.xml:53:13-73
215
216            <!-- High priority so OneSignal payloads can be filtered from other FCM receivers -->
217            <intent-filter android:priority="999" >
217-->[com.onesignal:OneSignal:4.8.5] AndroidManifest.xml:56:13-60:29
217-->[com.onesignal:OneSignal:4.8.5] AndroidManifest.xml:56:28-50
218                <action android:name="com.google.android.c2dm.intent.RECEIVE" />
218-->[:firebase_messaging] AndroidManifest.xml:33:17-81
218-->[:firebase_messaging] AndroidManifest.xml:33:25-78
219
220                <category android:name="com.example.ashfood" />
220-->[com.onesignal:OneSignal:4.8.5] AndroidManifest.xml:59:17-61
220-->[com.onesignal:OneSignal:4.8.5] AndroidManifest.xml:59:27-58
221            </intent-filter>
222        </receiver>
223
224        <service
224-->[com.onesignal:OneSignal:4.8.5] AndroidManifest.xml:63:9-69:19
225            android:name="com.onesignal.HmsMessageServiceOneSignal"
225-->[com.onesignal:OneSignal:4.8.5] AndroidManifest.xml:64:13-68
226            android:exported="false" >
226-->[com.onesignal:OneSignal:4.8.5] AndroidManifest.xml:65:13-37
227            <intent-filter>
227-->[com.onesignal:OneSignal:4.8.5] AndroidManifest.xml:66:13-68:29
228                <action android:name="com.huawei.push.action.MESSAGING_EVENT" />
228-->[com.onesignal:OneSignal:4.8.5] AndroidManifest.xml:67:17-81
228-->[com.onesignal:OneSignal:4.8.5] AndroidManifest.xml:67:25-78
229            </intent-filter>
230        </service>
231
232        <activity
232-->[com.onesignal:OneSignal:4.8.5] AndroidManifest.xml:71:9-79:20
233            android:name="com.onesignal.NotificationOpenedActivityHMS"
233-->[com.onesignal:OneSignal:4.8.5] AndroidManifest.xml:72:13-71
234            android:exported="true"
234-->[com.onesignal:OneSignal:4.8.5] AndroidManifest.xml:73:13-36
235            android:noHistory="true"
235-->[com.onesignal:OneSignal:4.8.5] AndroidManifest.xml:74:13-37
236            android:theme="@android:style/Theme.Translucent.NoTitleBar" >
236-->[com.onesignal:OneSignal:4.8.5] AndroidManifest.xml:75:13-72
237            <intent-filter>
237-->[com.onesignal:OneSignal:4.8.5] AndroidManifest.xml:76:13-78:29
238                <action android:name="android.intent.action.VIEW" />
238-->[com.onesignal:OneSignal:4.8.5] AndroidManifest.xml:77:17-69
238-->[com.onesignal:OneSignal:4.8.5] AndroidManifest.xml:77:25-66
239            </intent-filter>
240        </activity>
241
242        <service
242-->[com.onesignal:OneSignal:4.8.5] AndroidManifest.xml:81:9-83:40
243            android:name="com.onesignal.FCMIntentService"
243-->[com.onesignal:OneSignal:4.8.5] AndroidManifest.xml:82:13-58
244            android:exported="false" />
244-->[com.onesignal:OneSignal:4.8.5] AndroidManifest.xml:83:13-37
245        <service
245-->[com.onesignal:OneSignal:4.8.5] AndroidManifest.xml:84:9-87:72
246            android:name="com.onesignal.FCMIntentJobService"
246-->[com.onesignal:OneSignal:4.8.5] AndroidManifest.xml:85:13-61
247            android:exported="false"
247-->[com.onesignal:OneSignal:4.8.5] AndroidManifest.xml:86:13-37
248            android:permission="android.permission.BIND_JOB_SERVICE" />
248-->[com.onesignal:OneSignal:4.8.5] AndroidManifest.xml:87:13-69
249        <service
249-->[com.onesignal:OneSignal:4.8.5] AndroidManifest.xml:88:9-91:43
250            android:name="com.onesignal.SyncService"
250-->[com.onesignal:OneSignal:4.8.5] AndroidManifest.xml:89:13-53
251            android:exported="false"
251-->[com.onesignal:OneSignal:4.8.5] AndroidManifest.xml:90:13-37
252            android:stopWithTask="true" />
252-->[com.onesignal:OneSignal:4.8.5] AndroidManifest.xml:91:13-40
253        <service
253-->[com.onesignal:OneSignal:4.8.5] AndroidManifest.xml:92:9-95:72
254            android:name="com.onesignal.SyncJobService"
254-->[com.onesignal:OneSignal:4.8.5] AndroidManifest.xml:93:13-56
255            android:exported="false"
255-->[com.onesignal:OneSignal:4.8.5] AndroidManifest.xml:94:13-37
256            android:permission="android.permission.BIND_JOB_SERVICE" />
256-->[com.onesignal:OneSignal:4.8.5] AndroidManifest.xml:95:13-69
257
258        <activity
258-->[com.onesignal:OneSignal:4.8.5] AndroidManifest.xml:97:9-100:75
259            android:name="com.onesignal.PermissionsActivity"
259-->[com.onesignal:OneSignal:4.8.5] AndroidManifest.xml:98:13-61
260            android:exported="false"
260-->[com.onesignal:OneSignal:4.8.5] AndroidManifest.xml:99:13-37
261            android:theme="@android:style/Theme.Translucent.NoTitleBar" />
261-->[com.onesignal:OneSignal:4.8.5] AndroidManifest.xml:100:13-72
262
263        <receiver
263-->[com.onesignal:OneSignal:4.8.5] AndroidManifest.xml:102:9-104:39
264            android:name="com.onesignal.NotificationDismissReceiver"
264-->[com.onesignal:OneSignal:4.8.5] AndroidManifest.xml:103:13-69
265            android:exported="true" />
265-->[com.onesignal:OneSignal:4.8.5] AndroidManifest.xml:104:13-36
266        <receiver
266-->[com.onesignal:OneSignal:4.8.5] AndroidManifest.xml:105:9-112:20
267            android:name="com.onesignal.BootUpReceiver"
267-->[com.onesignal:OneSignal:4.8.5] AndroidManifest.xml:106:13-56
268            android:exported="true" >
268-->[com.onesignal:OneSignal:4.8.5] AndroidManifest.xml:107:13-36
269            <intent-filter>
269-->[com.onesignal:OneSignal:4.8.5] AndroidManifest.xml:108:13-111:29
270                <action android:name="android.intent.action.BOOT_COMPLETED" />
270-->[:flutter_local_notifications] AndroidManifest.xml:17:17-79
270-->[:flutter_local_notifications] AndroidManifest.xml:17:25-76